<?xml version="1.0" encoding="UTF-8"?>
<!-- Generated by org.testng.reporters.JUnitXMLReporter -->
<testsuite ignored="0" hostname="DESKTOP-AI0QSET" failures="1" tests="3" name="Test_Chrome" time="15.614" errors="0" timestamp="2025-01-08T14:43:53 IST">
  <testcase classname="com.omnibridge.crm.leadtest.CreateLeadTest" name="createLeadAndDelete" time="9.915">
    <failure type="org.openqa.selenium.NoSuchElementException" message="Unable to find element with locator By.xpath: //td[@class=&amp;apos;dvtTabCache&amp;apos;]/descendant::input[@name=&amp;apos;Delete&amp;apos;]
For documentation on this error, please visit: https://www.selenium.dev/documentation/webdriver/troubleshooting/errors#no-such-element-exception
Build info: version: &amp;apos;4.27.0&amp;apos;, revision: &amp;apos;d6e718d134&amp;apos;
System info: os.name: &amp;apos;Windows 11&amp;apos;, os.arch: &amp;apos;amd64&amp;apos;, os.version: &amp;apos;10.0&amp;apos;, java.version: &amp;apos;22.0.1&amp;apos;
Driver info: driver.version: RemoteWebDriver">
      <![CDATA[org.openqa.selenium.NoSuchElementException: Unable to find element with locator By.xpath: //td[@class='dvtTabCache']/descendant::input[@name='Delete']
For documentation on this error, please visit: https://www.selenium.dev/documentation/webdriver/troubleshooting/errors#no-such-element-exception
Build info: version: '4.27.0', revision: 'd6e718d134'
System info: os.name: 'Windows 11', os.arch: 'amd64', os.version: '10.0', java.version: '22.0.1'
Driver info: driver.version: RemoteWebDriver
at org.openqa.selenium.remote.ElementLocation$ElementFinder$2.findElement(ElementLocation.java:168)
at org.openqa.selenium.remote.ElementLocation.findElement(ElementLocation.java:59)
at org.openqa.selenium.remote.RemoteWebDriver.findElement(RemoteWebDriver.java:368)
at org.openqa.selenium.remote.RemoteWebDriver.findElement(RemoteWebDriver.java:362)
at org.openqa.selenium.support.pagefactory.DefaultElementLocator.findElement(DefaultElementLocator.java:68)
at org.openqa.selenium.support.pagefactory.internal.LocatingElementHandler.invoke(LocatingElementHandler.java:38)
at jdk.proxy2/jdk.proxy2.$Proxy17.click(Unknown Source)
at com.omniBridge.crm.objectrepositoryutility.LeadPage.clickDeleteBtn(LeadPage.java:247)
at com.omnibridge.crm.leadtest.CreateLeadTest.createLeadAndDelete(CreateLeadTest.java:181)
at java.base/java.util.ArrayList.forEach(ArrayList.java:1597)
... Removed 25 stack frames]]>
    </failure>
  </testcase> <!-- createLeadAndDelete -->
  <testcase classname="com.omnibridge.crm.leadtest.CreateLeadTest" name="createLeadAndEdit" time="0.0">
    <skipped/>
  </testcase> <!-- createLeadAndEdit -->
  <testcase classname="com.omnibridge.crm.leadtest.CreateLeadTest" name="createNewLead" time="0.0">
    <skipped/>
  </testcase> <!-- createNewLead -->
</testsuite> <!-- Test_Chrome -->
